Array
(
    [PATH] => /bin:/usr/bin:/sbin:/usr/sbin
    [RAILS_ENV] => production
    [FCGI_ROLE] => RESPONDER
    [UNIQUE_ID] => TnDjy0BaNzoAAGXFuYcAAAAA
    [SCRIPT_URL] => /
    [SCRIPT_URI] => http://www.yourfbgenders.com/
    [dsid] => 18645629
    [ds_id_18645629] => 
    [DH_USER] => gscoglio
    [HTTP_HOST] => www.yourfbgenders.com
    [HTTP_CONNECTION] => close
    [HTTP_REFERER] => http://www.yourfbgenders.com/
    [HTTP_USER_AGENT] => Mozilla/5.0 (X11; Linux i686) AppleWebKit/535.1 (KHTML, like Gecko) Chrome/13.0.782.220 Safari/535.1
    [HTTP_ACCEPT] => text/html,application/xhtml+xml,application/xml;q=0.9,*/*;q=0.8
    [HTTP_ACCEPT_ENCODING] => gzip,deflate,sdch
    [HTTP_ACCEPT_LANGUAGE] => en-US,en;q=0.8
    [HTTP_ACCEPT_CHARSET] => ISO-8859-1,utf-8;q=0.7,*;q=0.3
    [HTTP_COOKIE] => PHPSESSID=St6O-VfTMSIVYX8eHWUAe1; __utma=141749562.511213787.1314190669.1315840495.1316021424.15; __utmb=141749562.1.10.1316021424; __utmc=141749562; __utmz=141749562.1316021424.15.12.utmcsr=t.co|utmccn=(referral)|utmcmd=referral|utmcct=/dTRxUGl
    [SERVER_SIGNATURE] => 
    [SERVER_SOFTWARE] => Apache
    [SERVER_NAME] => www.yourfbgenders.com
    [SERVER_ADDR] => 64.90.55.75
    [SERVER_PORT] => 80
    [REMOTE_ADDR] => 190.2.44.65
    [DOCUMENT_ROOT] => /home/gscoglio/yourfbgenders.com
    [SERVER_ADMIN] => webmaster@yourfbgenders.com
    [SCRIPT_FILENAME] => /home/gscoglio/yourfbgenders.com/index.php
    [REMOTE_PORT] => 46692
    [GATEWAY_INTERFACE] => CGI/1.1
    [SERVER_PROTOCOL] => HTTP/1.1
    [REQUEST_METHOD] => GET
    [QUERY_STRING] => state=a5c7e23a7603a3260d6f8f1deff884b3&code=AQC7AU9hkFssxNXHDP4ctb4IGbWV1FjCRIrrTP4reMlwLwInlmZDKARB8k2iDG-ydORq096WbjlaO2bea4hE1EJfgrYuiskpcd0ootvL98PZOrSuUjSsQQGdAzbIUN9twDsC5KCigMDUSy66M5FgazmHLRwVd2CoBB5L9AJVd7_IljjM3tplgvAVOxUt77v-zrc
    [REQUEST_URI] => /?state=a5c7e23a7603a3260d6f8f1deff884b3&code=AQC7AU9hkFssxNXHDP4ctb4IGbWV1FjCRIrrTP4reMlwLwInlmZDKARB8k2iDG-ydORq096WbjlaO2bea4hE1EJfgrYuiskpcd0ootvL98PZOrSuUjSsQQGdAzbIUN9twDsC5KCigMDUSy66M5FgazmHLRwVd2CoBB5L9AJVd7_IljjM3tplgvAVOxUt77v-zrc
    [SCRIPT_NAME] => /index.php
    [PHP_SELF] => /index.php
    [REQUEST_TIME] => 1316021195
)
Array
(
    [PATH] => /bin:/usr/bin:/sbin:/usr/sbin
    [RAILS_ENV] => production
    [FCGI_ROLE] => RESPONDER
    [UNIQUE_ID] => TnDj0EBaNzoAABDXFuwAAAAB
    [SCRIPT_URL] => /
    [SCRIPT_URI] => http://www.yourfbgenders.com/
    [dsid] => 18645629
    [ds_id_18645629] => 
    [DH_USER] => gscoglio
    [HTTP_HOST] => www.yourfbgenders.com
    [HTTP_CONNECTION] => close
    [HTTP_ACCEPT] => */*
    [HTTP_USER_AGENT] => Mediapartners-Google
    [HTTP_ACCEPT_ENCODING] => gzip,deflate
    [SERVER_SIGNATURE] => 
    [SERVER_SOFTWARE] => Apache
    [SERVER_NAME] => www.yourfbgenders.com
    [SERVER_ADDR] => 64.90.55.75
    [SERVER_PORT] => 80
    [REMOTE_ADDR] => 66.249.68.193
    [DOCUMENT_ROOT] => /home/gscoglio/yourfbgenders.com
    [SERVER_ADMIN] => webmaster@yourfbgenders.com
    [SCRIPT_FILENAME] => /home/gscoglio/yourfbgenders.com/index.php
    [REMOTE_PORT] => 36346
    [GATEWAY_INTERFACE] => CGI/1.1
    [SERVER_PROTOCOL] => HTTP/1.1
    [REQUEST_METHOD] => GET
    [QUERY_STRING] => state=a5c7e23a7603a3260d6f8f1deff884b3&code=AQC7AU9hkFssxNXHDP4ctb4IGbWV1FjCRIrrTP4reMlwLwInlmZDKARB8k2iDG-ydORq096WbjlaO2bea4hE1EJfgrYuiskpcd0ootvL98PZOrSuUjSsQQGdAzbIUN9twDsC5KCigMDUSy66M5FgazmHLRwVd2CoBB5L9AJVd7_IljjM3tplgvAVOxUt77v-zrc
    [REQUEST_URI] => /?state=a5c7e23a7603a3260d6f8f1deff884b3&code=AQC7AU9hkFssxNXHDP4ctb4IGbWV1FjCRIrrTP4reMlwLwInlmZDKARB8k2iDG-ydORq096WbjlaO2bea4hE1EJfgrYuiskpcd0ootvL98PZOrSuUjSsQQGdAzbIUN9twDsC5KCigMDUSy66M5FgazmHLRwVd2CoBB5L9AJVd7_IljjM3tplgvAVOxUt77v-zrc
    [SCRIPT_NAME] => /index.php
    [PHP_SELF] => /index.php
    [REQUEST_TIME] => 1316021200
)
Array
(
    [PATH] => /bin:/usr/bin:/sbin:/usr/sbin
    [RAILS_ENV] => production
    [FCGI_ROLE] => RESPONDER
    [UNIQUE_ID] => TnDj70BaNzoAABDXFu4AAAAB
    [SCRIPT_URL] => /
    [SCRIPT_URI] => http://www.yourfbgenders.com/
    [dsid] => 18645629
    [ds_id_18645629] => 
    [DH_USER] => gscoglio
    [HTTP_HOST] => www.yourfbgenders.com
    [HTTP_USER_AGENT] => Mozilla/5.0 (Windows; U; Windows NT 5.1; es-ES; rv:1.9.2.16) Gecko/20110319 Firefox/3.6.16
    [HTTP_ACCEPT] => text/html,application/xhtml+xml,application/xml;q=0.9,*/*;q=0.8
    [HTTP_ACCEPT_LANGUAGE] => es-es,es;q=0.8,en-us;q=0.5,en;q=0.3
    [HTTP_ACCEPT_ENCODING] => gzip,deflate
    [HTTP_ACCEPT_CHARSET] => ISO-8859-1,utf-8;q=0.7,*;q=0.7
    [HTTP_CONNECTION] => close
    [HTTP_COOKIE] => __utma=141749562.919000320.1316021746.1316021746.1316021746.1; __utmb=141749562.1.10.1316021746; __utmc=141749562; __utmz=141749562.1316021746.1.1.utmcsr=facebook.com|utmccn=(referral)|utmcmd=referral|utmcct=/l.php
    [SERVER_SIGNATURE] => 
    [SERVER_SOFTWARE] => Apache
    [SERVER_NAME] => www.yourfbgenders.com
    [SERVER_ADDR] => 64.90.55.75
    [SERVER_PORT] => 80
    [REMOTE_ADDR] => 190.210.116.193
    [DOCUMENT_ROOT] => /home/gscoglio/yourfbgenders.com
    [SERVER_ADMIN] => webmaster@yourfbgenders.com
    [SCRIPT_FILENAME] => /home/gscoglio/yourfbgenders.com/index.php
    [REMOTE_PORT] => 4590
    [GATEWAY_INTERFACE] => CGI/1.1
    [SERVER_PROTOCOL] => HTTP/1.1
    [REQUEST_METHOD] => GET
    [QUERY_STRING] => state=c56de2fbe61485344681a54b0339f75a&code=AQBo2YTmCVEwZ1ZoOeqZGLf6yZA9Qo_sVjNeBlqHAkc1GvjdWqKZvGQJ0a22qXB5mCUN6_CfUA297X4tWVsAnBE7hHRZBwgzryWdy9cxS6ahDuHt7j0DxqQumRQOfSH4gSjNiaYUYR-Q6tA1V0RTjD6_0AseGA2QVijJpsdgQFQ4X4dd8g2HJUMS_ButZQzSJIM
    [REQUEST_URI] => /?state=c56de2fbe61485344681a54b0339f75a&code=AQBo2YTmCVEwZ1ZoOeqZGLf6yZA9Qo_sVjNeBlqHAkc1GvjdWqKZvGQJ0a22qXB5mCUN6_CfUA297X4tWVsAnBE7hHRZBwgzryWdy9cxS6ahDuHt7j0DxqQumRQOfSH4gSjNiaYUYR-Q6tA1V0RTjD6_0AseGA2QVijJpsdgQFQ4X4dd8g2HJUMS_ButZQzSJIM
    [SCRIPT_NAME] => /index.php
    [PHP_SELF] => /index.php
    [REQUEST_TIME] => 1316021231
)
